writeCommonTags: couldn't write 'year' tag to 'Link to Music/Instrumental/World's_End_Girlfriend/Smany_music_wegarr.wav' as it's not a positive integer
writeCommonTags: couldn't write 'track' tag to 'MrSuicideSheep/Experimental/AlunaGeorge - You Know You Like It (Tchami Remix).m4a' as it's not a positive integer
writeCommonTags: couldn't write 'year' tag to 'MrSuicideSheep/Experimental/Apparat - A Violent Sky.m4a' as it's not a positive integer
writeCommonTags: couldn't write 'track' tag to 'MrSuicideSheep/Experimental/Apparat - A Violent Sky.m4a' as it's not a positive integer
writeCommonTags: couldn't write 'year' tag to 'MrSuicideSheep/Experimental/Arkist - Fill Your Coffee.m4a' as it's not a positive integer
writeCommonTags: couldn't write 'track' tag to 'MrSuicideSheep/Experimental/Arkist - Fill Your Coffee.m4a' as it's not a positive integer
writeCommonTags: couldn't write 'year' tag to 'MrSuicideSheep/Experimental/astronomyy - Things I'd Do For U.m4a' as it's not a positive integer
writeCommonTags: couldn't write 'track' tag to 'MrSuicideSheep/Experimental/astronomyy - Things I'd Do For U.m4a' as it's not a positive integer
writeCommonTags: couldn't write 'track' tag to 'MrSuicideSheep/Experimental/Atra Aeterna - When The World Ends.m4a' as it's not a positive integer
writeCommonTags: couldn't write 'year' tag to 'MrSuicideSheep/Experimental/Bear Grillz - Fan Mail.m4a' as it's not a positive integer
writeCommonTags: couldn't write 'track' tag to 'MrSuicideSheep/Experimental/Bear Grillz - Fan Mail.m4a' as it's not a positive integer
writeCommonTags: couldn't write 'year' tag to 'MrSuicideSheep/Experimental/Bit Funk - The Long Road Ahead.m4a' as it's not a positive integer
writeCommonTags: couldn't write 'track' tag to 'MrSuicideSheep/Experimental/Bit Funk - The Long Road Ahead.m4a' as it's not a positive integer
writeCommonTags: couldn't write 'year' tag to 'MrSuicideSheep/Experimental/Chouchou - Teardrop.m4a' as it's not a positive integer
writeCommonTags: couldn't write 'track' tag to 'MrSuicideSheep/Experimental/Chouchou - Teardrop.m4a' as it's not a positive integer
writeCommonTags: couldn't write 'track' tag to 'MrSuicideSheep/Experimental/Clean Bandit - Rather Be (feat. Jess Glynne) (OVERWERK Remix).m4a' as it's not a positive integer
writeCommonTags: couldn't write 'year' tag to 'MrSuicideSheep/Experimental/Daniel Ryan - Nagasaki.m4a' as it's not a positive integer
writeCommonTags: couldn't write 'track' tag to 'MrSuicideSheep/Experimental/Daniel Ryan - Nagasaki.m4a' as it's not a positive integer
writeCommonTags: couldn't write 'track' tag to 'MrSuicideSheep/Experimental/Ed Sheeran & Passenger - No Diggity vs. Thrift Shop (Kygo Remix).m4a' as it's not a positive integer
writeCommonTags: couldn't write 'year' tag to 'MrSuicideSheep/Experimental/Emancipator - Nevergreen.m4a' as it's not a positive integer
writeCommonTags: couldn't write 'track' tag to 'MrSuicideSheep/Experimental/Emancipator - Nevergreen.m4a' as it's not a positive integer
writeCommonTags: couldn't write 'year' tag to 'MrSuicideSheep/Experimental/Generationals - You Got Me.m4a' as it's not a positive integer
writeCommonTags: couldn't write 'track' tag to 'MrSuicideSheep/Experimental/Generationals - You Got Me.m4a' as it's not a positive integer
writeCommonTags: couldn't write 'year' tag to 'MrSuicideSheep/Experimental/Ghost Loft - So High.m4a' as it's not a positive integer
writeCommonTags: couldn't write 'track' tag to 'MrSuicideSheep/Experimental/Ghost Loft - So High.m4a' as it's not a positive integer
writeCommonTags: couldn't write 'year' tag to 'MrSuicideSheep/Experimental/Grizmatik - My People.m4a' as it's not a positive integer
writeCommonTags: couldn't write 'track' tag to 'MrSuicideSheep/Experimental/Grizmatik - My People.m4a' as it's not a positive integer
writeCommonTags: couldn't write 'year' tag to 'MrSuicideSheep/Experimental/Jakubi - Feels Like Yesterday.m4a' as it's not a positive integer
writeCommonTags: couldn't write 'track' tag to 'MrSuicideSheep/Experimental/Jakubi - Feels Like Yesterday.m4a' as it's not a positive integer
writeCommonTags: couldn't write 'year' tag to 'MrSuicideSheep/Experimental/Kashuks - Universe.m4a' as it's not a positive integer
writeCommonTags: couldn't write 'track' tag to 'MrSuicideSheep/Experimental/Kashuks - Universe.m4a' as it's not a positive integer
writeCommonTags: couldn't write 'year' tag to 'MrSuicideSheep/Experimental/Kaskade - Something Something (feat. Zip Zip Through the Night).m4a' as it's not a positive integer
writeCommonTags: couldn't write 'track' tag to 'MrSuicideSheep/Experimental/Kaskade - Something Something (feat. Zip Zip Through the Night).m4a' as it's not a positive integer
writeCommonTags: couldn't write 'year' tag to 'MrSuicideSheep/Experimental/Kero Kero Bonito - Flamingo (WTN3 Remix).m4a' as it's not a positive integer
writeCommonTags: couldn't write 'track' tag to 'MrSuicideSheep/Experimental/Kero Kero Bonito - Flamingo (WTN3 Remix).m4a' as it's not a positive integer
regexSearch: bad_expression: Character class declaration starting with [ terminated prematurely - either no ] was found or the set had no content.  The error occurred while parsing the regular expression fragment: '';kjhgfcOP>>>HERE>>>'.
writeCommonTags: couldn't write 'year' tag to 'MrSuicideSheep/Experimental/Jakubi - Feels Like Yesterday.m4a' as it's not a positive integer
writeCommonTags: couldn't write 'track' tag to 'MrSuicideSheep/Experimental/Jakubi - Feels Like Yesterday.m4a' as it's not a positive integer
writeCommonTags: couldn't write 'year' tag to 'S_Carey/S .Carey    -    We Fell.m4a' as it's not a positive integer
writeCommonTags: couldn't write 'track' tag to 'S_Carey/S .Carey    -    We Fell.m4a' as it's not a positive integer
